21:55:12.994 Config: {
	"UseFrontend": false,
	"UseMatchmaker": false,
	"UseHTTPS": false,
	"HTTPSCertFile": "./certificates/client-cert.pem",
	"HTTPSKeyFile": "./certificates/client-key.pem",
	"LogToFile": true,
	"LogVerbose": true,
	"HomepageFile": "player.html",
	"AdditionalRoutes": {},
	"EnableWebserver": true,
	"MatchmakerAddress": "",
	"MatchmakerPort": 9999,
	"PublicIp": "localhost",
	"HttpPort": 80,
	"HttpsPort": 443,
	"StreamerPort": 8888,
	"SFUPort": 8889,
	"MaxPlayerCount": -1,
	"DisableSSLCert": true
}
21:55:13.283 No peerConnectionConfig
21:55:13.298 Running Cirrus - The Pixel Streaming reference implementation signalling server for Unreal Engine 5.4.
21:55:13.398 WebSocket listening for Streamer connections on :8888
21:55:13.399 WebSocket listening for SFU connections on :8889
21:55:13.400 WebSocket listening for Players connections on :80
21:55:13.401 Http listening on *: 80
21:55:13.799 Streamer connected: ::ffff:127.0.0.1
21:55:13.799 [37m::ffff:127.0.0.1 <-[32m "{\"type\":\"config\",\"peerConnectionOptions\":{}}"
21:55:13.800 [37m::ffff:127.0.0.1 <-[32m {"type":"identify"}
21:55:13.897 [37m::ffff:127.0.0.1 ->[34m {"type":"endpointId","id":"DefaultStreamer"}
21:55:13.898 Registered new streamer: DefaultStreamer
21:55:14.868 streamer DefaultStreamer disconnected: 1006 - 
21:55:14.869 unsubscribing all players on DefaultStreamer
