11:48:17.214 Config: {
	"UseFrontend": false,
	"UseMatchmaker": false,
	"UseHTTPS": false,
	"HTTPSCertFile": "./certificates/client-cert.pem",
	"HTTPSKeyFile": "./certificates/client-key.pem",
	"LogToFile": true,
	"LogVerbose": true,
	"HomepageFile": "player.html",
	"AdditionalRoutes": {},
	"EnableWebserver": true,
	"MatchmakerAddress": "",
	"MatchmakerPort": 9999,
	"PublicIp": "localhost",
	"HttpPort": 80,
	"HttpsPort": 443,
	"StreamerPort": 8888,
	"SFUPort": 8889,
	"MaxPlayerCount": -1,
	"DisableSSLCert": true
}
11:48:17.492 No peerConnectionConfig
11:48:17.505 Running Cirrus - The Pixel Streaming reference implementation signalling server for Unreal Engine 5.4.
11:48:17.621 WebSocket listening for Streamer connections on :8888
11:48:17.622 WebSocket listening for SFU connections on :8889
11:48:17.622 WebSocket listening for Players connections on :80
11:48:17.623 Http listening on *: 80
11:48:19.074 Streamer connected: ::1
11:48:19.075 [37m::1 <-[32m "{\"type\":\"config\",\"peerConnectionOptions\":{}}"
11:48:19.075 [37m::1 <-[32m {"type":"identify"}
11:48:19.163 [37m::1 ->[34m {"type":"endpointId","id":"DefaultStreamer"}
11:48:19.164 Registered new streamer: DefaultStreamer
11:48:21.074 streamer DefaultStreamer disconnected: 1006 - 
11:48:21.074 unsubscribing all players on DefaultStreamer
